
  .   ____          _            __ _ _
 /\\ / ___'_ __ _ _(_)_ __  __ _ \ \ \ \
( ( )\___ | '_ | '_| | '_ \/ _` | \ \ \ \
 \\/  ___)| |_)| | | | | || (_| |  ) ) ) )
  '  |____| .__|_| |_|_| |_\__, | / / / /
 =========|_|==============|___/=/_/_/_/

 :: Spring Boot ::                (v3.5.9)

2025-12-29 23:07:06 - c.c.backend.BackendApplication - Starting BackendApplication v0.0.1-SNAPSHOT using Java 21.0.6 with PID 8744 (C:\Users\PRANAV KADAM\Desktop\CityAtlas\backend\target\backend-0.0.1-SNAPSHOT.jar started by PRANAV KADAM in C:\Users\PRANAV KADAM\Desktop\CityAtlas\backend)
2025-12-29 23:07:06 - c.c.backend.BackendApplication - No active profile set, falling back to 1 default profile: "default"
2025-12-29 23:07:11 - o.s.d.r.c.RepositoryConfigurationDelegate - Bootstrapping Spring Data JPA repositories in DEFAULT mode.
2025-12-29 23:07:12 - o.s.d.r.c.RepositoryConfigurationDelegate - Finished Spring Data repository scanning in 591 ms. Found 5 JPA repository interfaces.
2025-12-29 23:07:14 - o.s.b.w.e.tomcat.TomcatWebServer - Tomcat initialized with port 8080 (http)
2025-12-29 23:07:14 - o.a.catalina.core.StandardService - Starting service [Tomcat]
2025-12-29 23:07:14 - o.a.catalina.core.StandardEngine - Starting Servlet engine: [Apache Tomcat/10.1.50]
2025-12-29 23:07:14 - o.a.c.c.C.[.[localhost].[/api] - Initializing Spring embedded WebApplicationContext
2025-12-29 23:07:14 - o.s.b.w.s.c.ServletWebServerApplicationContext - Root WebApplicationContext: initialization completed in 7021 ms
2025-12-29 23:07:15 - o.h.jpa.internal.util.LogHelper - HHH000204: Processing PersistenceUnitInfo [name: default]
2025-12-29 23:07:15 - org.hibernate.Version - HHH000412: Hibernate ORM core version 6.6.39.Final
2025-12-29 23:07:15 - o.h.c.i.RegionFactoryInitiator - HHH000026: Second-level cache disabled
2025-12-29 23:07:16 - o.s.o.j.p.SpringPersistenceUnitInfo - No LoadTimeWeaver setup: ignoring JPA class transformer
2025-12-29 23:07:16 - com.zaxxer.hikari.HikariDataSource - HikariPool-1 - Starting...
2025-12-29 23:07:17 - com.zaxxer.hikari.pool.HikariPool - HikariPool-1 - Added connection org.postgresql.jdbc.PgConnection@28519bfb
2025-12-29 23:07:17 - com.zaxxer.hikari.HikariDataSource - HikariPool-1 - Start completed.
2025-12-29 23:07:17 - org.hibernate.orm.deprecation - HHH90000025: PostgreSQLDialect does not need to be specified explicitly using 'hibernate.dialect' (remove the property setting and it will be selected by default)
2025-12-29 23:07:17 - o.hibernate.orm.connections.pooling - HHH10001005: Database info:
	Database JDBC URL [Connecting through datasource 'HikariDataSource (HikariPool-1)']
	Database driver: undefined/unknown
	Database version: 16.3
	Autocommit mode: undefined/unknown
	Isolation level: undefined/unknown
	Minimum pool size: undefined/unknown
	Maximum pool size: undefined/unknown
2025-12-29 23:07:20 - o.h.e.t.j.p.i.JtaPlatformInitiator - HHH000489: No JTA platform available (set 'hibernate.transaction.jta.platform' to enable JTA platform integration)
2025-12-29 23:07:20 - o.s.o.j.LocalContainerEntityManagerFactoryBean - Initialized JPA EntityManagerFactory for persistence unit 'default'
2025-12-29 23:07:22 - o.s.d.j.r.query.QueryEnhancerFactory - Hibernate is in classpath; If applicable, HQL parser will be used.
2025-12-29 23:07:23 - c.c.backend.config.WebClientConfig - Initializing WebClient with timeouts: connection=5000ms, read=10000ms
2025-12-29 23:07:26 - o.s.b.a.s.s.UserDetailsServiceAutoConfiguration - 

Using generated security password: 6f190468-ea0d-4fb2-a619-7bd68be14322

This generated password is for development use only. Your security configuration must be updated before running your application in production.

2025-12-29 23:07:26 - o.s.s.c.a.a.c.InitializeUserDetailsBeanManagerConfigurer$InitializeUserDetailsManagerConfigurer - Global AuthenticationManager configured with UserDetailsService bean with name inMemoryUserDetailsManager
2025-12-29 23:07:27 - o.s.b.w.s.c.AnnotationConfigServletWebServerApplicationContext - Exception encountered during context initialization - cancelling refresh attempt: org.springframework.context.ApplicationContextException: Failed to start bean 'webServerStartStop'
2025-12-29 23:07:27 - o.s.o.j.LocalContainerEntityManagerFactoryBean - Closing JPA EntityManagerFactory for persistence unit 'default'
2025-12-29 23:07:27 - com.zaxxer.hikari.HikariDataSource - HikariPool-1 - Shutdown initiated...
2025-12-29 23:07:27 - com.zaxxer.hikari.HikariDataSource - HikariPool-1 - Shutdown completed.
2025-12-29 23:07:27 - o.s.b.a.l.ConditionEvaluationReportLogger - 

Error starting ApplicationContext. To display the condition evaluation report re-run your application with 'debug' enabled.
2025-12-29 23:07:27 - o.s.b.d.LoggingFailureAnalysisReporter - 

***************************
APPLICATION FAILED TO START
***************************

Description:

Web server failed to start. Port 8080 was already in use.

Action:

Identify and stop the process that's listening on port 8080 or configure this application to listen on another port.

